TN:
SF:/Users/vincent/uxcore/uxcore-album/src/index.js
FN:16,_interopRequireDefault
FNF:1
FNH:1
FNDA:2,_interopRequireDefault
DA:3,1
DA:6,1
DA:8,1
DA:10,1
DA:12,1
DA:14,1
DA:16,2
DA:25,1
DA:28,1
DA:29,1
LF:10
LH:10
BRDA:16,1,0,0
BRDA:16,1,1,2
BRDA:16,2,0,2
BRDA:16,2,1,2
BRF:4
BRH:3
end_of_record
TN:
SF:/Users/vincent/uxcore/uxcore-album/src/Album.js
FN:17,_interopRequireDefault
FN:19,_defaults
FN:21,_classCallCheck
FN:23,_possibleConstructorReturn
FN:25,_inherits
FN:34,(anonymous_6)
FN:37,Album
FN:50,componentDidUpdate
FN:68,componentWillUnmount
FN:70,setCurrent
FN:76,prev
FN:84,next
FN:97,handleKeyboardEvent
FN:119,onKeyUp
FN:128,openAlbum
FN:134,renderCover
FN:154,renderAlbum
FN:178,onClick
FN:186,renderCarousel
FN:213,(anonymous_20)
FN:228,render
FNF:21
FNH:17
FNDA:3,_interopRequireDefault
FNDA:1,_defaults
FNDA:1,_classCallCheck
FNDA:1,_possibleConstructorReturn
FNDA:1,_inherits
FNDA:1,(anonymous_6)
FNDA:1,Album
FNDA:3,componentDidUpdate
FNDA:0,componentWillUnmount
FNDA:0,setCurrent
FNDA:0,prev
FNDA:1,next
FNDA:1,handleKeyboardEvent
FNDA:1,onKeyUp
FNDA:1,openAlbum
FNDA:1,renderCover
FNDA:3,renderAlbum
FNDA:0,onClick
FNDA:3,renderCarousel
FNDA:24,(anonymous_20)
FNDA:4,render
DA:3,1
DA:5,1
DA:7,1
DA:9,1
DA:11,1
DA:13,1
DA:15,1
DA:17,3
DA:19,5
DA:21,1
DA:23,1
DA:25,1
DA:34,1
DA:35,1
DA:37,1
DA:38,1
DA:40,1
DA:42,1
DA:47,1
DA:50,1
DA:51,3
DA:52,1
DA:53,1
DA:54,1
DA:55,1
DA:57,1
DA:58,0
DA:59,1
DA:60,1
DA:62,1
DA:68,1
DA:70,1
DA:71,0
DA:76,1
DA:77,0
DA:78,0
DA:79,0
DA:84,1
DA:85,1
DA:86,1
DA:88,1
DA:89,0
DA:91,1
DA:92,1
DA:97,1
DA:98,1
DA:99,1
DA:102,0
DA:103,0
DA:106,1
DA:107,1
DA:110,0
DA:113,0
DA:115,0
DA:119,1
DA:120,1
DA:121,1
DA:123,1
DA:124,1
DA:128,1
DA:129,1
DA:134,1
DA:135,1
DA:136,1
DA:137,1
DA:138,1
DA:140,1
DA:141,1
DA:142,1
DA:144,1
DA:145,1
DA:147,1
DA:154,1
DA:155,3
DA:157,3
DA:158,3
DA:160,3
DA:161,0
DA:163,3
DA:179,0
DA:186,1
DA:187,3
DA:189,3
DA:190,3
DA:192,3
DA:193,0
DA:195,3
DA:196,3
DA:197,3
DA:199,0
DA:201,3
DA:214,24
DA:228,1
DA:229,4
DA:231,4
DA:232,4
DA:233,3
DA:235,1
DA:237,4
DA:246,1
DA:249,1
DA:256,1
DA:262,1
DA:264,1
LF:104
LH:89
BRDA:17,1,0,0
BRDA:17,1,1,3
BRDA:17,2,0,3
BRDA:17,2,1,3
BRDA:19,3,0,0
BRDA:19,3,1,5
BRDA:19,4,0,5
BRDA:19,4,1,5
BRDA:19,4,2,0
BRDA:21,5,0,0
BRDA:21,5,1,1
BRDA:23,6,0,0
BRDA:23,6,1,1
BRDA:23,7,0,0
BRDA:23,7,1,1
BRDA:23,8,0,1
BRDA:23,8,1,0
BRDA:23,8,2,0
BRDA:25,9,0,0
BRDA:25,9,1,1
BRDA:25,10,0,1
BRDA:25,10,1,0
BRDA:25,11,0,1
BRDA:25,11,1,1
BRDA:25,12,0,1
BRDA:25,12,1,0
BRDA:25,13,0,0
BRDA:25,13,1,1
BRDA:51,14,0,1
BRDA:51,14,1,2
BRDA:51,15,0,3
BRDA:51,15,1,3
BRDA:57,16,0,0
BRDA:57,16,1,1
BRDA:59,17,0,1
BRDA:59,17,1,0
BRDA:78,18,0,0
BRDA:78,18,1,0
BRDA:88,19,0,0
BRDA:88,19,1,1
BRDA:91,20,0,0
BRDA:91,20,1,1
BRDA:99,21,0,0
BRDA:99,21,1,1
BRDA:99,21,2,0
BRDA:99,21,3,0
BRDA:123,22,0,1
BRDA:123,22,1,0
BRDA:123,23,0,1
BRDA:123,23,1,1
BRDA:141,24,0,1
BRDA:141,24,1,0
BRDA:144,25,0,1
BRDA:144,25,1,0
BRDA:150,26,0,1
BRDA:150,26,1,0
BRDA:160,27,0,0
BRDA:160,27,1,3
BRDA:192,28,0,0
BRDA:192,28,1,3
BRDA:196,29,0,3
BRDA:196,29,1,0
BRDA:216,30,0,3
BRDA:216,30,1,21
BRDA:232,31,0,3
BRDA:232,31,1,1
BRF:66
BRH:38
end_of_record
TN:
SF:/Users/vincent/uxcore/uxcore-album/src/transform-detect.js
FNF:0
FNH:0
DA:3,1
DA:6,1
DA:7,1
DA:8,1
DA:9,1
DA:11,1
DA:12,2
DA:13,1
DA:15,1
DA:17,2
DA:18,1
DA:19,1
DA:23,1
DA:24,1
LF:14
LH:14
BRDA:12,1,0,1
BRDA:12,1,1,1
BRDA:17,2,0,1
BRDA:17,2,1,1
BRF:4
BRH:4
end_of_record
TN:
SF:/Users/vincent/uxcore/uxcore-album/src/rgba-detect.js
FNF:0
FNH:0
DA:3,1
DA:6,1
DA:7,1
DA:8,1
DA:9,1
DA:11,1
DA:12,1
DA:14,1
DA:15,1
LF:9
LH:9
BRF:0
BRH:0
end_of_record
TN:
SF:/Users/vincent/uxcore/uxcore-album/src/Photo.js
FN:7,_interopRequireDefault
FN:9,_defaults
FN:11,_classCallCheck
FN:13,_possibleConstructorReturn
FN:15,_inherits
FN:24,(anonymous_6)
FN:27,Photo
FN:36,render
FNF:8
FNH:8
FNDA:1,_interopRequireDefault
FNDA:1,_defaults
FNDA:11,_classCallCheck
FNDA:11,_possibleConstructorReturn
FNDA:1,_inherits
FNDA:1,(anonymous_6)
FNDA:11,Photo
FNDA:28,render
DA:3,1
DA:5,1
DA:7,1
DA:9,5
DA:11,11
DA:13,11
DA:15,1
DA:24,1
DA:25,1
DA:27,1
DA:28,11
DA:30,11
DA:32,11
DA:33,11
DA:36,1
DA:37,28
DA:44,1
DA:47,1
DA:52,1
DA:56,1
DA:58,1
LF:21
LH:21
BRDA:7,1,0,0
BRDA:7,1,1,1
BRDA:7,2,0,1
BRDA:7,2,1,1
BRDA:9,3,0,0
BRDA:9,3,1,5
BRDA:9,4,0,5
BRDA:9,4,1,5
BRDA:9,4,2,0
BRDA:11,5,0,0
BRDA:11,5,1,11
BRDA:13,6,0,0
BRDA:13,6,1,11
BRDA:13,7,0,0
BRDA:13,7,1,11
BRDA:13,8,0,11
BRDA:13,8,1,0
BRDA:13,8,2,0
BRDA:15,9,0,0
BRDA:15,9,1,1
BRDA:15,10,0,1
BRDA:15,10,1,0
BRDA:15,11,0,1
BRDA:15,11,1,1
BRDA:15,12,0,1
BRDA:15,12,1,0
BRDA:15,13,0,0
BRDA:15,13,1,1
BRF:28
BRH:16
end_of_record
