TN:
SF:/Users/doudou/dev/uxcore-album/src/index.js
FN:15,_interopRequireDefault
FNF:1
FNH:1
FNDA:2,_interopRequireDefault
DA:3,1
DA:7,1
DA:9,1
DA:11,1
DA:13,1
DA:15,2
DA:26,1
DA:27,1
DA:28,1
LF:9
LH:9
BRDA:15,1,0,0
BRDA:15,1,1,2
BRDA:15,2,0,2
BRDA:15,2,1,2
BRF:4
BRH:3
end_of_record
TN:
SF:/Users/doudou/dev/uxcore-album/src/Album.jsx
FN:45,_interopRequireDefault
FN:47,_defaults
FN:49,_defineProperty
FN:51,_classCallCheck
FN:53,_possibleConstructorReturn
FN:55,_inherits
FN:65,(anonymous_7)
FN:68,Album
FN:87,componentWillReceiveProps
FN:95,setCurrent
FN:101,prev
FN:109,next
FN:122,openAlbum
FN:128,renderAlbum
FN:172,onClose
FN:181,ref
FN:189,onSetCurrent
FN:198,renderCover
FN:230,(anonymous_19)
FN:233,ref
FN:245,renderThumbs
FN:254,(anonymous_22)
FN:293,render
FN:317,ref
FN:360,(anonymous_25)
FN:367,getContainer
FN:409,onClose
FNF:27
FNH:23
FNDA:9,_interopRequireDefault
FNDA:1,_defaults
FNDA:24,_defineProperty
FNDA:9,_classCallCheck
FNDA:9,_possibleConstructorReturn
FNDA:1,_inherits
FNDA:1,(anonymous_7)
FNDA:9,Album
FNDA:0,componentWillReceiveProps
FNDA:2,setCurrent
FNDA:0,prev
FNDA:1,next
FNDA:2,openAlbum
FNDA:24,renderAlbum
FNDA:2,onClose
FNDA:39,ref
FNDA:8,onSetCurrent
FNDA:24,renderCover
FNDA:192,(anonymous_19)
FNDA:39,ref
FNDA:23,renderThumbs
FNDA:184,(anonymous_22)
FNDA:24,render
FNDA:39,ref
FNDA:2,(anonymous_25)
FNDA:0,getContainer
FNDA:0,onClose
DA:3,1
DA:7,1
DA:9,1
DA:11,1
DA:13,1
DA:15,1
DA:17,1
DA:19,1
DA:21,1
DA:23,1
DA:25,1
DA:27,1
DA:29,1
DA:31,1
DA:33,1
DA:35,1
DA:37,1
DA:39,1
DA:41,1
DA:43,1
DA:45,9
DA:47,5
DA:49,24
DA:51,9
DA:53,9
DA:55,1
DA:65,1
DA:66,1
DA:68,1
DA:69,9
DA:71,9
DA:73,9
DA:80,9
DA:81,9
DA:82,9
DA:83,9
DA:84,9
DA:87,1
DA:88,0
DA:89,0
DA:95,1
DA:96,2
DA:101,1
DA:102,0
DA:103,0
DA:104,0
DA:109,1
DA:110,1
DA:111,1
DA:113,1
DA:114,0
DA:116,1
DA:117,1
DA:122,1
DA:123,2
DA:128,1
DA:129,24
DA:131,24
DA:134,24
DA:138,24
DA:140,24
DA:141,0
DA:143,24
DA:144,24
DA:145,24
DA:146,15
DA:148,24
DA:149,15
DA:156,24
DA:173,2
DA:174,2
DA:175,2
DA:182,39
DA:190,8
DA:198,1
DA:199,24
DA:201,24
DA:207,24
DA:209,24
DA:210,24
DA:211,24
DA:213,24
DA:214,24
DA:216,24
DA:217,23
DA:220,24
DA:231,192
DA:232,24
DA:234,39
DA:238,168
DA:245,1
DA:246,23
DA:251,23
DA:253,23
DA:254,23
DA:255,184
DA:256,184
DA:262,23
DA:269,23
DA:276,23
DA:293,1
DA:294,24
DA:296,24
DA:302,24
DA:303,24
DA:309,24
DA:318,39
DA:326,1
DA:329,1
DA:332,1
DA:345,1
DA:358,1
DA:360,1
DA:361,2
DA:363,2
DA:368,0
DA:369,0
DA:370,0
DA:373,2
DA:374,2
DA:375,0
DA:377,2
DA:378,2
DA:379,2
DA:380,1
DA:382,1
DA:384,2
DA:385,2
DA:386,1
DA:389,2
DA:410,0
DA:422,1
LF:132
LH:120
BRDA:45,1,0,0
BRDA:45,1,1,9
BRDA:45,2,0,9
BRDA:45,2,1,9
BRDA:47,3,0,0
BRDA:47,3,1,5
BRDA:47,4,0,5
BRDA:47,4,1,5
BRDA:47,4,2,0
BRDA:49,5,0,0
BRDA:49,5,1,24
BRDA:51,6,0,0
BRDA:51,6,1,9
BRDA:53,7,0,0
BRDA:53,7,1,9
BRDA:53,8,0,0
BRDA:53,8,1,9
BRDA:53,9,0,9
BRDA:53,9,1,0
BRDA:53,9,2,0
BRDA:55,10,0,0
BRDA:55,10,1,1
BRDA:55,11,0,1
BRDA:55,11,1,0
BRDA:55,12,0,1
BRDA:55,12,1,1
BRDA:55,13,0,1
BRDA:55,13,1,0
BRDA:55,14,0,0
BRDA:55,14,1,1
BRDA:88,15,0,0
BRDA:88,15,1,0
BRDA:103,16,0,0
BRDA:103,16,1,0
BRDA:113,17,0,0
BRDA:113,17,1,1
BRDA:116,18,0,0
BRDA:116,18,1,1
BRDA:140,19,0,0
BRDA:140,19,1,24
BRDA:145,20,0,15
BRDA:145,20,1,9
BRDA:145,21,0,24
BRDA:145,21,1,15
BRDA:145,21,2,15
BRDA:148,22,0,15
BRDA:148,22,1,9
BRDA:173,23,0,2
BRDA:173,23,1,0
BRDA:210,24,0,24
BRDA:210,24,1,0
BRDA:213,25,0,24
BRDA:213,25,1,0
BRDA:216,26,0,23
BRDA:216,26,1,1
BRDA:231,27,0,24
BRDA:231,27,1,168
BRDA:241,28,0,23
BRDA:241,28,1,1
BRDA:253,29,0,23
BRDA:253,29,1,20
BRDA:255,30,0,184
BRDA:255,30,1,184
BRDA:262,31,0,3
BRDA:262,31,1,20
BRDA:269,32,0,3
BRDA:269,32,1,20
BRDA:284,33,0,3
BRDA:284,33,1,20
BRDA:302,34,0,24
BRDA:302,34,1,21
BRDA:303,35,0,3
BRDA:303,35,1,21
BRDA:304,36,0,3
BRDA:304,36,1,0
BRDA:306,37,0,20
BRDA:306,37,1,1
BRDA:361,38,0,2
BRDA:361,38,1,0
BRDA:361,39,0,2
BRDA:361,39,1,2
BRDA:374,40,0,0
BRDA:374,40,1,2
BRDA:374,41,0,2
BRDA:374,41,1,1
BRDA:379,42,0,1
BRDA:379,42,1,1
BRDA:385,43,0,1
BRDA:385,43,1,1
BRF:89
BRH:63
end_of_record
TN:
SF:/Users/doudou/dev/uxcore-album/src/rgba-detect.js
FNF:0
FNH:0
DA:3,1
DA:6,1
DA:8,1
DA:9,1
DA:11,1
DA:12,1
DA:13,1
DA:14,1
DA:16,0
DA:19,1
DA:20,1
DA:24,1
DA:25,1
LF:13
LH:12
BRDA:8,1,0,1
BRDA:8,1,1,0
BRDA:11,2,0,1
BRDA:11,2,1,0
BRF:4
BRH:2
end_of_record
TN:
SF:/Users/doudou/dev/uxcore-album/src/Viewer.jsx
FN:29,_interopRequireDefault
FN:31,_defaults
FN:33,_classCallCheck
FN:35,_possibleConstructorReturn
FN:37,_inherits
FN:46,(anonymous_6)
FN:49,Viewer
FN:67,componentWillReceiveProps
FN:81,componentDidUpdate
FN:89,(anonymous_10)
FN:95,onKeyUp
FN:103,setCurrent
FN:109,handleKeyboardEvent
FN:128,prev
FN:136,next
FN:149,handleImageZoomIn
FN:157,handleImageZoomOut
FN:165,renderControl
FN:174,renderCarousel
FN:188,renderFuncButtons
FN:206,onClick
FN:210,(anonymous_22)
FN:230,onClick
FN:237,render
FN:257,ref
FN:267,ref
FN:271,ref
FN:291,createCustomButtonsChecker
FN:310,prev
FN:311,next
FN:312,onClose
FN:313,onSetCurrent
FNF:32
FNH:22
FNDA:5,_interopRequireDefault
FNDA:1,_defaults
FNDA:11,_classCallCheck
FNDA:11,_possibleConstructorReturn
FNDA:1,_inherits
FNDA:1,(anonymous_6)
FNDA:11,Viewer
FNDA:15,componentWillReceiveProps
FNDA:20,componentDidUpdate
FNDA:0,(anonymous_10)
FNDA:3,onKeyUp
FNDA:0,setCurrent
FNDA:3,handleKeyboardEvent
FNDA:2,prev
FNDA:3,next
FNDA:0,handleImageZoomIn
FNDA:0,handleImageZoomOut
FNDA:60,renderControl
FNDA:30,renderCarousel
FNDA:4,renderFuncButtons
FNDA:0,onClick
FNDA:4,(anonymous_22)
FNDA:0,onClick
FNDA:31,render
FNDA:51,ref
FNDA:51,ref
FNDA:51,ref
FNDA:1,createCustomButtonsChecker
FNDA:0,prev
FNDA:0,next
FNDA:0,onClose
FNDA:0,onSetCurrent
DA:3,1
DA:7,1
DA:9,1
DA:11,1
DA:13,1
DA:15,1
DA:17,1
DA:19,1
DA:21,1
DA:23,1
DA:25,1
DA:27,1
DA:29,5
DA:31,5
DA:33,11
DA:35,11
DA:37,1
DA:46,1
DA:47,1
DA:49,1
DA:50,11
DA:52,11
DA:54,11
DA:58,11
DA:59,11
DA:60,11
DA:61,11
DA:62,11
DA:63,11
DA:64,11
DA:67,1
DA:68,15
DA:69,1
DA:70,1
DA:71,1
DA:73,0
DA:76,15
DA:81,1
DA:82,20
DA:84,20
DA:85,20
DA:86,8
DA:88,20
DA:89,0
DA:90,0
DA:95,1
DA:96,3
DA:98,3
DA:99,3
DA:103,1
DA:104,0
DA:109,1
DA:110,3
DA:113,1
DA:114,1
DA:117,1
DA:118,1
DA:121,1
DA:122,1
DA:124,0
DA:128,1
DA:129,2
DA:130,2
DA:131,2
DA:136,1
DA:137,3
DA:138,3
DA:140,3
DA:141,0
DA:143,3
DA:144,3
DA:149,1
DA:150,0
DA:151,0
DA:157,1
DA:158,0
DA:159,0
DA:165,1
DA:166,60
DA:174,1
DA:175,30
DA:188,1
DA:189,4
DA:191,4
DA:193,4
DA:194,2
DA:196,4
DA:207,0
DA:211,4
DA:213,4
DA:231,0
DA:237,1
DA:238,31
DA:240,31
DA:241,31
DA:248,31
DA:249,31
DA:250,31
DA:258,51
DA:268,51
DA:272,51
DA:285,1
DA:288,1
DA:291,1
DA:292,1
DA:298,1
DA:302,1
DA:303,1
DA:306,1
DA:320,1
DA:342,1
DA:343,1
LF:112
LH:100
BRDA:29,1,0,0
BRDA:29,1,1,5
BRDA:29,2,0,5
BRDA:29,2,1,5
BRDA:31,3,0,0
BRDA:31,3,1,5
BRDA:31,4,0,5
BRDA:31,4,1,5
BRDA:31,4,2,0
BRDA:33,5,0,0
BRDA:33,5,1,11
BRDA:35,6,0,0
BRDA:35,6,1,11
BRDA:35,7,0,0
BRDA:35,7,1,11
BRDA:35,8,0,11
BRDA:35,8,1,0
BRDA:35,8,2,0
BRDA:37,9,0,0
BRDA:37,9,1,1
BRDA:37,10,0,1
BRDA:37,10,1,0
BRDA:37,11,0,1
BRDA:37,11,1,1
BRDA:37,12,0,1
BRDA:37,12,1,0
BRDA:37,13,0,0
BRDA:37,13,1,1
BRDA:68,14,0,1
BRDA:68,14,1,14
BRDA:68,15,0,15
BRDA:68,15,1,9
BRDA:69,16,0,1
BRDA:69,16,1,0
BRDA:70,17,0,1
BRDA:70,17,1,0
BRDA:85,18,0,8
BRDA:85,18,1,12
BRDA:88,19,0,0
BRDA:88,19,1,20
BRDA:98,20,0,3
BRDA:98,20,1,0
BRDA:110,21,0,1
BRDA:110,21,1,1
BRDA:110,21,2,1
BRDA:110,21,3,0
BRDA:130,22,0,0
BRDA:130,22,1,2
BRDA:140,23,0,0
BRDA:140,23,1,3
BRDA:143,24,0,0
BRDA:143,24,1,3
BRDA:150,25,0,0
BRDA:150,25,1,0
BRDA:158,26,0,0
BRDA:158,26,1,0
BRDA:193,27,0,2
BRDA:193,27,1,2
BRDA:263,28,0,30
BRDA:263,28,1,1
BRDA:264,29,0,30
BRDA:264,29,1,1
BRDA:270,30,0,31
BRDA:270,30,1,31
BRDA:275,31,0,4
BRDA:275,31,1,27
BRDA:277,32,0,30
BRDA:277,32,1,1
BRF:68
BRH:44
end_of_record
TN:
SF:/Users/doudou/dev/uxcore-album/src/Carousel.jsx
FN:25,_interopRequireDefault
FN:27,_defaults
FN:29,_classCallCheck
FN:31,_possibleConstructorReturn
FN:33,_inherits
FN:35,(anonymous_6)
FN:38,Carousel
FN:50,componentWillReceiveProps
FN:90,componentDidUpdate
FN:99,render
FN:145,ref
FN:151,ref
FN:159,ref
FN:163,(anonymous_14)
FN:169,onClick
FN:190,ref
FN:202,onPrev
FN:203,onNext
FN:204,onSetCurrent
FNF:19
FNH:16
FNDA:4,_interopRequireDefault
FNDA:1,_defaults
FNDA:18,_classCallCheck
FNDA:18,_possibleConstructorReturn
FNDA:1,_inherits
FNDA:1,(anonymous_6)
FNDA:18,Carousel
FNDA:35,componentWillReceiveProps
FNDA:35,componentDidUpdate
FNDA:53,render
FNDA:88,ref
FNDA:88,ref
FNDA:88,ref
FNDA:419,(anonymous_14)
FNDA:1,onClick
FNDA:88,ref
FNDA:0,onPrev
FNDA:0,onNext
FNDA:0,onSetCurrent
DA:3,1
DA:7,1
DA:9,1
DA:11,1
DA:13,1
DA:15,1
DA:17,1
DA:19,1
DA:21,1
DA:23,1
DA:25,4
DA:27,5
DA:29,18
DA:31,18
DA:33,1
DA:35,1
DA:36,1
DA:38,1
DA:39,18
DA:41,18
DA:43,18
DA:47,18
DA:50,1
DA:51,35
DA:52,16
DA:54,16
DA:55,16
DA:58,15
DA:59,15
DA:61,15
DA:62,2
DA:63,13
DA:64,13
DA:66,15
DA:69,15
DA:72,1
DA:73,1
DA:75,1
DA:76,0
DA:77,1
DA:78,1
DA:80,1
DA:83,1
DA:85,0
DA:90,1
DA:99,1
DA:100,53
DA:102,53
DA:115,53
DA:116,53
DA:117,53
DA:118,53
DA:119,3
DA:120,3
DA:122,0
DA:124,50
DA:125,50
DA:126,50
DA:130,0
DA:131,0
DA:135,53
DA:146,88
DA:152,88
DA:160,88
DA:164,419
DA:170,1
DA:191,88
DA:197,1
DA:200,1
DA:213,1
DA:226,1
DA:227,1
LF:72
LH:67
BRDA:25,1,0,0
BRDA:25,1,1,4
BRDA:25,2,0,4
BRDA:25,2,1,4
BRDA:27,3,0,0
BRDA:27,3,1,5
BRDA:27,4,0,5
BRDA:27,4,1,5
BRDA:27,4,2,0
BRDA:29,5,0,0
BRDA:29,5,1,18
BRDA:31,6,0,0
BRDA:31,6,1,18
BRDA:31,7,0,0
BRDA:31,7,1,18
BRDA:31,8,0,18
BRDA:31,8,1,0
BRDA:31,8,2,0
BRDA:33,9,0,0
BRDA:33,9,1,1
BRDA:33,10,0,1
BRDA:33,10,1,0
BRDA:33,11,0,1
BRDA:33,11,1,1
BRDA:33,12,0,1
BRDA:33,12,1,0
BRDA:33,13,0,0
BRDA:33,13,1,1
BRDA:51,14,0,16
BRDA:51,14,1,19
BRDA:55,15,0,0
BRDA:55,15,1,15
BRDA:55,15,2,0
BRDA:55,15,3,1
BRDA:55,15,4,0
BRDA:61,16,0,2
BRDA:61,16,1,13
BRDA:63,17,0,13
BRDA:63,17,1,0
BRDA:75,18,0,0
BRDA:75,18,1,1
BRDA:77,19,0,1
BRDA:77,19,1,0
BRDA:116,20,0,53
BRDA:116,20,1,50
BRDA:118,21,0,3
BRDA:118,21,1,50
BRDA:119,22,0,3
BRDA:119,22,1,0
BRDA:124,23,0,50
BRDA:124,23,1,0
BRDA:164,24,0,419
BRDA:164,24,1,419
BRDA:167,25,0,53
BRDA:167,25,1,366
BRF:55
BRH:35
end_of_record
TN:
SF:/Users/doudou/dev/uxcore-album/src/transform-detect.js
FNF:0
FNH:0
DA:3,1
DA:6,1
DA:7,1
DA:8,1
DA:10,1
DA:11,1
DA:12,1
DA:13,1
DA:14,2
DA:15,1
DA:16,1
DA:18,1
DA:19,1
DA:21,2
DA:22,1
DA:23,1
DA:28,1
DA:29,1
LF:18
LH:18
BRDA:10,1,0,1
BRDA:10,1,1,0
BRDA:14,2,0,1
BRDA:14,2,1,1
BRDA:21,3,0,1
BRDA:21,3,1,1
BRF:6
BRH:5
end_of_record
TN:
SF:/Users/doudou/dev/uxcore-album/src/Photo.jsx
FN:15,_interopRequireDefault
FN:17,_defaults
FN:19,_classCallCheck
FN:21,_possibleConstructorReturn
FN:23,_inherits
FN:32,(anonymous_6)
FN:35,Photo
FN:44,render
FN:50,ref
FNF:9
FNH:9
FNDA:2,_interopRequireDefault
FNDA:1,_defaults
FNDA:111,_classCallCheck
FNDA:111,_possibleConstructorReturn
FNDA:1,_inherits
FNDA:1,(anonymous_6)
FNDA:111,Photo
FNDA:290,render
FNDA:485,ref
DA:3,1
DA:7,1
DA:9,1
DA:11,1
DA:13,1
DA:15,2
DA:17,5
DA:19,111
DA:21,111
DA:23,1
DA:32,1
DA:33,1
DA:35,1
DA:36,111
DA:38,111
DA:40,111
DA:41,111
DA:44,1
DA:45,290
DA:47,290
DA:51,485
DA:56,1
DA:59,1
DA:62,1
DA:67,1
DA:71,1
DA:72,1
LF:27
LH:27
BRDA:15,1,0,0
BRDA:15,1,1,2
BRDA:15,2,0,2
BRDA:15,2,1,2
BRDA:17,3,0,0
BRDA:17,3,1,5
BRDA:17,4,0,5
BRDA:17,4,1,5
BRDA:17,4,2,0
BRDA:19,5,0,0
BRDA:19,5,1,111
BRDA:21,6,0,0
BRDA:21,6,1,111
BRDA:21,7,0,0
BRDA:21,7,1,111
BRDA:21,8,0,111
BRDA:21,8,1,0
BRDA:21,8,2,0
BRDA:23,9,0,0
BRDA:23,9,1,1
BRDA:23,10,0,1
BRDA:23,10,1,0
BRDA:23,11,0,1
BRDA:23,11,1,1
BRDA:23,12,0,1
BRDA:23,12,1,0
BRDA:23,13,0,0
BRDA:23,13,1,1
BRF:28
BRH:16
end_of_record
